
*** Running vivado
    with args -log design_1_ila_0_0.vds -m64 -product Vivado -mode batch -messageDb vivado.pb -notrace -source design_1_ila_0_0.tcl



****** Vivado v2024.1 (64-bit)
  **** SW Build 5076996 on Wed May 22 18:37:14 MDT 2024
  **** IP Build 5075265 on Wed May 22 21:45:21 MDT 2024
  **** SharedData Build 5076995 on Wed May 22 18:29:18 MDT 2024
  **** Start of session at: Mon Oct 21 15:37:48 2024
    ** Copyright 1986-2022 Xilinx, Inc. All Rights Reserved.
    ** Copyright 2022-2024 Advanced Micro Devices, Inc. All Rights Reserved.

source design_1_ila_0_0.tcl -notrace
INFO: [IP_Flow 19-6924] IPCACHE: Running cache check for IP inst: design_1_ila_0_0
Command: synth_design -top design_1_ila_0_0 -part xc7z020clg484-1 -incremental_mode off -mode out_of_context
Starting synth_design
Attempting to get a license for feature 'Synthesis' and/or device 'xc7z020'
INFO: [Common 17-349] Got license for feature 'Synthesis' and/or device 'xc7z020'
INFO: [Device 21-403] Loading part xc7z020clg484-1
INFO: [Device 21-9227] Part: xc7z020clg484-1 does not have CEAM library.
INFO: [Synth 8-7079] Multithreading enabled for synth_design using a maximum of 2 processes.
INFO: [Synth 8-7078] Launching helper process for spawning children vivado processes
INFO: [Synth 8-7075] Helper process launched with PID 12516
---------------------------------------------------------------------------------
Starting RTL Elaboration : Time (s): cpu = 00:00:41 ; elapsed = 00:00:46 . Memory (MB): peak = 1418.477 ; gain = 446.297
---------------------------------------------------------------------------------
INFO: [Synth 8-11241] undeclared symbol 'tms_int', assumed default net type 'wire' [c:/Users/Lenovo/Documents/Xilinx Vivado/Labs/ProgSqrWavGen/ProgSqrWav_VIO_ILA/ProgSqrWav_VIO_ILA.gen/sources_1/bd/design_1/ipshared/8745/hdl/verilog/xsdbm_v3_0_2_bs_core_ext.vh:30]
INFO: [Synth 8-11241] undeclared symbol 'runtest_int', assumed default net type 'wire' [c:/Users/Lenovo/Documents/Xilinx Vivado/Labs/ProgSqrWavGen/ProgSqrWav_VIO_ILA/ProgSqrWav_VIO_ILA.gen/sources_1/bd/design_1/ipshared/8745/hdl/verilog/xsdbm_v3_0_2_bs_core_ext.vh:32]
INFO: [Synth 8-11241] undeclared symbol 'tms_int', assumed default net type 'wire' [c:/Users/Lenovo/Documents/Xilinx Vivado/Labs/ProgSqrWavGen/ProgSqrWav_VIO_ILA/ProgSqrWav_VIO_ILA.gen/sources_1/bd/design_1/ipshared/8745/hdl/verilog/xsdbm_v3_0_2_bs_core_ext.vh:69]
INFO: [Synth 8-11241] undeclared symbol 'runtest_int', assumed default net type 'wire' [c:/Users/Lenovo/Documents/Xilinx Vivado/Labs/ProgSqrWavGen/ProgSqrWav_VIO_ILA/ProgSqrWav_VIO_ILA.gen/sources_1/bd/design_1/ipshared/8745/hdl/verilog/xsdbm_v3_0_2_bs_core_ext.vh:71]
INFO: [Synth 8-11241] undeclared symbol 'tms_int', assumed default net type 'wire' [c:/Users/Lenovo/Documents/Xilinx Vivado/Labs/ProgSqrWavGen/ProgSqrWav_VIO_ILA/ProgSqrWav_VIO_ILA.gen/sources_1/bd/design_1/ipshared/8745/hdl/verilog/xsdbm_v3_0_2_bs_core_ext.vh:109]
INFO: [Synth 8-11241] undeclared symbol 'runtest_int', assumed default net type 'wire' [c:/Users/Lenovo/Documents/Xilinx Vivado/Labs/ProgSqrWavGen/ProgSqrWav_VIO_ILA/ProgSqrWav_VIO_ILA.gen/sources_1/bd/design_1/ipshared/8745/hdl/verilog/xsdbm_v3_0_2_bs_core_ext.vh:111]
INFO: [Synth 8-11241] undeclared symbol 'tms_int', assumed default net type 'wire' [c:/Users/Lenovo/Documents/Xilinx Vivado/Labs/ProgSqrWavGen/ProgSqrWav_VIO_ILA/ProgSqrWav_VIO_ILA.gen/sources_1/bd/design_1/ipshared/8745/hdl/verilog/xsdbm_v3_0_2_bs_core_ext.vh:150]
INFO: [Synth 8-11241] undeclared symbol 'runtest_int', assumed default net type 'wire' [c:/Users/Lenovo/Documents/Xilinx Vivado/Labs/ProgSqrWavGen/ProgSqrWav_VIO_ILA/ProgSqrWav_VIO_ILA.gen/sources_1/bd/design_1/ipshared/8745/hdl/verilog/xsdbm_v3_0_2_bs_core_ext.vh:152]
INFO: [Synth 8-11241] undeclared symbol 'tms_int', assumed default net type 'wire' [c:/Users/Lenovo/Documents/Xilinx Vivado/Labs/ProgSqrWavGen/ProgSqrWav_VIO_ILA/ProgSqrWav_VIO_ILA.gen/sources_1/bd/design_1/ipshared/8745/hdl/verilog/xsdbm_v3_0_2_bs_core_ext.vh:192]
INFO: [Synth 8-11241] undeclared symbol 'runtest_int', assumed default net type 'wire' [c:/Users/Lenovo/Documents/Xilinx Vivado/Labs/ProgSqrWavGen/ProgSqrWav_VIO_ILA/ProgSqrWav_VIO_ILA.gen/sources_1/bd/design_1/ipshared/8745/hdl/verilog/xsdbm_v3_0_2_bs_core_ext.vh:194]
INFO: [Synth 8-11241] undeclared symbol 'tms_int', assumed default net type 'wire' [c:/Users/Lenovo/Documents/Xilinx Vivado/Labs/ProgSqrWavGen/ProgSqrWav_VIO_ILA/ProgSqrWav_VIO_ILA.gen/sources_1/bd/design_1/ipshared/8745/hdl/verilog/xsdbm_v3_0_2_bs_core_ext.vh:235]
INFO: [Synth 8-11241] undeclared symbol 'runtest_int', assumed default net type 'wire' [c:/Users/Lenovo/Documents/Xilinx Vivado/Labs/ProgSqrWavGen/ProgSqrWav_VIO_ILA/ProgSqrWav_VIO_ILA.gen/sources_1/bd/design_1/ipshared/8745/hdl/verilog/xsdbm_v3_0_2_bs_core_ext.vh:237]
INFO: [Synth 8-11241] undeclared symbol 'tms_int', assumed default net type 'wire' [c:/Users/Lenovo/Documents/Xilinx Vivado/Labs/ProgSqrWavGen/ProgSqrWav_VIO_ILA/ProgSqrWav_VIO_ILA.gen/sources_1/bd/design_1/ipshared/8745/hdl/verilog/xsdbm_v3_0_2_bs_core_ext.vh:279]
INFO: [Synth 8-11241] undeclared symbol 'runtest_int', assumed default net type 'wire' [c:/Users/Lenovo/Documents/Xilinx Vivado/Labs/ProgSqrWavGen/ProgSqrWav_VIO_ILA/ProgSqrWav_VIO_ILA.gen/sources_1/bd/design_1/ipshared/8745/hdl/verilog/xsdbm_v3_0_2_bs_core_ext.vh:281]
INFO: [Synth 8-11241] undeclared symbol 'tms_int', assumed default net type 'wire' [c:/Users/Lenovo/Documents/Xilinx Vivado/Labs/ProgSqrWavGen/ProgSqrWav_VIO_ILA/ProgSqrWav_VIO_ILA.gen/sources_1/bd/design_1/ipshared/8745/hdl/verilog/xsdbm_v3_0_2_bs_core_ext.vh:324]
INFO: [Synth 8-11241] undeclared symbol 'runtest_int', assumed default net type 'wire' [c:/Users/Lenovo/Documents/Xilinx Vivado/Labs/ProgSqrWavGen/ProgSqrWav_VIO_ILA/ProgSqrWav_VIO_ILA.gen/sources_1/bd/design_1/ipshared/8745/hdl/verilog/xsdbm_v3_0_2_bs_core_ext.vh:326]
INFO: [Synth 8-11241] undeclared symbol 'tms_int', assumed default net type 'wire' [c:/Users/Lenovo/Documents/Xilinx Vivado/Labs/ProgSqrWavGen/ProgSqrWav_VIO_ILA/ProgSqrWav_VIO_ILA.gen/sources_1/bd/design_1/ipshared/8745/hdl/verilog/xsdbm_v3_0_2_bs_core_ext.vh:370]
INFO: [Synth 8-11241] undeclared symbol 'runtest_int', assumed default net type 'wire' [c:/Users/Lenovo/Documents/Xilinx Vivado/Labs/ProgSqrWavGen/ProgSqrWav_VIO_ILA/ProgSqrWav_VIO_ILA.gen/sources_1/bd/design_1/ipshared/8745/hdl/verilog/xsdbm_v3_0_2_bs_core_ext.vh:372]
INFO: [Synth 8-11241] undeclared symbol 'tms_int', assumed default net type 'wire' [c:/Users/Lenovo/Documents/Xilinx Vivado/Labs/ProgSqrWavGen/ProgSqrWav_VIO_ILA/ProgSqrWav_VIO_ILA.gen/sources_1/bd/design_1/ipshared/8745/hdl/verilog/xsdbm_v3_0_2_bs_core_ext.vh:417]
INFO: [Synth 8-11241] undeclared symbol 'runtest_int', assumed default net type 'wire' [c:/Users/Lenovo/Documents/Xilinx Vivado/Labs/ProgSqrWavGen/ProgSqrWav_VIO_ILA/ProgSqrWav_VIO_ILA.gen/sources_1/bd/design_1/ipshared/8745/hdl/verilog/xsdbm_v3_0_2_bs_core_ext.vh:419]
INFO: [Synth 8-11241] undeclared symbol 'tms_int', assumed default net type 'wire' [c:/Users/Lenovo/Documents/Xilinx Vivado/Labs/ProgSqrWavGen/ProgSqrWav_VIO_ILA/ProgSqrWav_VIO_ILA.gen/sources_1/bd/design_1/ipshared/8745/hdl/verilog/xsdbm_v3_0_2_bs_core_ext.vh:465]
INFO: [Synth 8-11241] undeclared symbol 'runtest_int', assumed default net type 'wire' [c:/Users/Lenovo/Documents/Xilinx Vivado/Labs/ProgSqrWavGen/ProgSqrWav_VIO_ILA/ProgSqrWav_VIO_ILA.gen/sources_1/bd/design_1/ipshared/8745/hdl/verilog/xsdbm_v3_0_2_bs_core_ext.vh:467]
INFO: [Synth 8-11241] undeclared symbol 'tms_int', assumed default net type 'wire' [c:/Users/Lenovo/Documents/Xilinx Vivado/Labs/ProgSqrWavGen/ProgSqrWav_VIO_ILA/ProgSqrWav_VIO_ILA.gen/sources_1/bd/design_1/ipshared/8745/hdl/verilog/xsdbm_v3_0_2_bs_core_ext.vh:514]
INFO: [Synth 8-11241] undeclared symbol 'runtest_int', assumed default net type 'wire' [c:/Users/Lenovo/Documents/Xilinx Vivado/Labs/ProgSqrWavGen/ProgSqrWav_VIO_ILA/ProgSqrWav_VIO_ILA.gen/sources_1/bd/design_1/ipshared/8745/hdl/verilog/xsdbm_v3_0_2_bs_core_ext.vh:516]
INFO: [Synth 8-11241] undeclared symbol 'tms_int', assumed default net type 'wire' [c:/Users/Lenovo/Documents/Xilinx Vivado/Labs/ProgSqrWavGen/ProgSqrWav_VIO_ILA/ProgSqrWav_VIO_ILA.gen/sources_1/bd/design_1/ipshared/8745/hdl/verilog/xsdbm_v3_0_2_bs_core_ext.vh:564]
INFO: [Synth 8-11241] undeclared symbol 'runtest_int', assumed default net type 'wire' [c:/Users/Lenovo/Documents/Xilinx Vivado/Labs/ProgSqrWavGen/ProgSqrWav_VIO_ILA/ProgSqrWav_VIO_ILA.gen/sources_1/bd/design_1/ipshared/8745/hdl/verilog/xsdbm_v3_0_2_bs_core_ext.vh:566]
INFO: [Synth 8-11241] undeclared symbol 'tms_int', assumed default net type 'wire' [c:/Users/Lenovo/Documents/Xilinx Vivado/Labs/ProgSqrWavGen/ProgSqrWav_VIO_ILA/ProgSqrWav_VIO_ILA.gen/sources_1/bd/design_1/ipshared/8745/hdl/verilog/xsdbm_v3_0_2_bs_core_ext.vh:615]
INFO: [Synth 8-11241] undeclared symbol 'runtest_int', assumed default net type 'wire' [c:/Users/Lenovo/Documents/Xilinx Vivado/Labs/ProgSqrWavGen/ProgSqrWav_VIO_ILA/ProgSqrWav_VIO_ILA.gen/sources_1/bd/design_1/ipshared/8745/hdl/verilog/xsdbm_v3_0_2_bs_core_ext.vh:617]
INFO: [Synth 8-11241] undeclared symbol 'tms_int', assumed default net type 'wire' [c:/Users/Lenovo/Documents/Xilinx Vivado/Labs/ProgSqrWavGen/ProgSqrWav_VIO_ILA/ProgSqrWav_VIO_ILA.gen/sources_1/bd/design_1/ipshared/8745/hdl/verilog/xsdbm_v3_0_2_bs_core.vh:30]
INFO: [Synth 8-11241] undeclared symbol 'runtest_int', assumed default net type 'wire' [c:/Users/Lenovo/Documents/Xilinx Vivado/Labs/ProgSqrWavGen/ProgSqrWav_VIO_ILA/ProgSqrWav_VIO_ILA.gen/sources_1/bd/design_1/ipshared/8745/hdl/verilog/xsdbm_v3_0_2_bs_core.vh:32]
INFO: [Synth 8-11241] undeclared symbol 'tms_int', assumed default net type 'wire' [c:/Users/Lenovo/Documents/Xilinx Vivado/Labs/ProgSqrWavGen/ProgSqrWav_VIO_ILA/ProgSqrWav_VIO_ILA.gen/sources_1/bd/design_1/ipshared/8745/hdl/verilog/xsdbm_v3_0_2_bs_core.vh:69]
INFO: [Synth 8-11241] undeclared symbol 'runtest_int', assumed default net type 'wire' [c:/Users/Lenovo/Documents/Xilinx Vivado/Labs/ProgSqrWavGen/ProgSqrWav_VIO_ILA/ProgSqrWav_VIO_ILA.gen/sources_1/bd/design_1/ipshared/8745/hdl/verilog/xsdbm_v3_0_2_bs_core.vh:71]
INFO: [Synth 8-11241] undeclared symbol 'tms_int', assumed default net type 'wire' [c:/Users/Lenovo/Documents/Xilinx Vivado/Labs/ProgSqrWavGen/ProgSqrWav_VIO_ILA/ProgSqrWav_VIO_ILA.gen/sources_1/bd/design_1/ipshared/8745/hdl/verilog/xsdbm_v3_0_2_bs_core.vh:109]
INFO: [Synth 8-11241] undeclared symbol 'runtest_int', assumed default net type 'wire' [c:/Users/Lenovo/Documents/Xilinx Vivado/Labs/ProgSqrWavGen/ProgSqrWav_VIO_ILA/ProgSqrWav_VIO_ILA.gen/sources_1/bd/design_1/ipshared/8745/hdl/verilog/xsdbm_v3_0_2_bs_core.vh:111]
INFO: [Synth 8-11241] undeclared symbol 'tms_int', assumed default net type 'wire' [c:/Users/Lenovo/Documents/Xilinx Vivado/Labs/ProgSqrWavGen/ProgSqrWav_VIO_ILA/ProgSqrWav_VIO_ILA.gen/sources_1/bd/design_1/ipshared/8745/hdl/verilog/xsdbm_v3_0_2_bs_core.vh:150]
INFO: [Synth 8-11241] undeclared symbol 'runtest_int', assumed default net type 'wire' [c:/Users/Lenovo/Documents/Xilinx Vivado/Labs/ProgSqrWavGen/ProgSqrWav_VIO_ILA/ProgSqrWav_VIO_ILA.gen/sources_1/bd/design_1/ipshared/8745/hdl/verilog/xsdbm_v3_0_2_bs_core.vh:152]
INFO: [Synth 8-11241] undeclared symbol 'tms_int', assumed default net type 'wire' [c:/Users/Lenovo/Documents/Xilinx Vivado/Labs/ProgSqrWavGen/ProgSqrWav_VIO_ILA/ProgSqrWav_VIO_ILA.gen/sources_1/bd/design_1/ipshared/8745/hdl/verilog/xsdbm_v3_0_2_bs_core.vh:192]
INFO: [Synth 8-11241] undeclared symbol 'runtest_int', assumed default net type 'wire' [c:/Users/Lenovo/Documents/Xilinx Vivado/Labs/ProgSqrWavGen/ProgSqrWav_VIO_ILA/ProgSqrWav_VIO_ILA.gen/sources_1/bd/design_1/ipshared/8745/hdl/verilog/xsdbm_v3_0_2_bs_core.vh:194]
INFO: [Synth 8-11241] undeclared symbol 'tms_int', assumed default net type 'wire' [c:/Users/Lenovo/Documents/Xilinx Vivado/Labs/ProgSqrWavGen/ProgSqrWav_VIO_ILA/ProgSqrWav_VIO_ILA.gen/sources_1/bd/design_1/ipshared/8745/hdl/verilog/xsdbm_v3_0_2_bs_core.vh:235]
INFO: [Synth 8-11241] undeclared symbol 'runtest_int', assumed default net type 'wire' [c:/Users/Lenovo/Documents/Xilinx Vivado/Labs/ProgSqrWavGen/ProgSqrWav_VIO_ILA/ProgSqrWav_VIO_ILA.gen/sources_1/bd/design_1/ipshared/8745/hdl/verilog/xsdbm_v3_0_2_bs_core.vh:237]
INFO: [Synth 8-11241] undeclared symbol 'tms_int', assumed default net type 'wire' [c:/Users/Lenovo/Documents/Xilinx Vivado/Labs/ProgSqrWavGen/ProgSqrWav_VIO_ILA/ProgSqrWav_VIO_ILA.gen/sources_1/bd/design_1/ipshared/8745/hdl/verilog/xsdbm_v3_0_2_bs_core.vh:279]
INFO: [Synth 8-11241] undeclared symbol 'runtest_int', assumed default net type 'wire' [c:/Users/Lenovo/Documents/Xilinx Vivado/Labs/ProgSqrWavGen/ProgSqrWav_VIO_ILA/ProgSqrWav_VIO_ILA.gen/sources_1/bd/design_1/ipshared/8745/hdl/verilog/xsdbm_v3_0_2_bs_core.vh:281]
INFO: [Synth 8-11241] undeclared symbol 'tms_int', assumed default net type 'wire' [c:/Users/Lenovo/Documents/Xilinx Vivado/Labs/ProgSqrWavGen/ProgSqrWav_VIO_ILA/ProgSqrWav_VIO_ILA.gen/sources_1/bd/design_1/ipshared/8745/hdl/verilog/xsdbm_v3_0_2_bs_core.vh:324]
INFO: [Synth 8-11241] undeclared symbol 'runtest_int', assumed default net type 'wire' [c:/Users/Lenovo/Documents/Xilinx Vivado/Labs/ProgSqrWavGen/ProgSqrWav_VIO_ILA/ProgSqrWav_VIO_ILA.gen/sources_1/bd/design_1/ipshared/8745/hdl/verilog/xsdbm_v3_0_2_bs_core.vh:326]
INFO: [Synth 8-11241] undeclared symbol 'tms_int', assumed default net type 'wire' [c:/Users/Lenovo/Documents/Xilinx Vivado/Labs/ProgSqrWavGen/ProgSqrWav_VIO_ILA/ProgSqrWav_VIO_ILA.gen/sources_1/bd/design_1/ipshared/8745/hdl/verilog/xsdbm_v3_0_2_bs_core.vh:370]
INFO: [Synth 8-11241] undeclared symbol 'runtest_int', assumed default net type 'wire' [c:/Users/Lenovo/Documents/Xilinx Vivado/Labs/ProgSqrWavGen/ProgSqrWav_VIO_ILA/ProgSqrWav_VIO_ILA.gen/sources_1/bd/design_1/ipshared/8745/hdl/verilog/xsdbm_v3_0_2_bs_core.vh:372]
INFO: [Synth 8-11241] undeclared symbol 'tms_int', assumed default net type 'wire' [c:/Users/Lenovo/Documents/Xilinx Vivado/Labs/ProgSqrWavGen/ProgSqrWav_VIO_ILA/ProgSqrWav_VIO_ILA.gen/sources_1/bd/design_1/ipshared/8745/hdl/verilog/xsdbm_v3_0_2_bs_core.vh:417]
INFO: [Synth 8-11241] undeclared symbol 'runtest_int', assumed default net type 'wire' [c:/Users/Lenovo/Documents/Xilinx Vivado/Labs/ProgSqrWavGen/ProgSqrWav_VIO_ILA/ProgSqrWav_VIO_ILA.gen/sources_1/bd/design_1/ipshared/8745/hdl/verilog/xsdbm_v3_0_2_bs_core.vh:419]
INFO: [Synth 8-11241] undeclared symbol 'tms_int', assumed default net type 'wire' [c:/Users/Lenovo/Documents/Xilinx Vivado/Labs/ProgSqrWavGen/ProgSqrWav_VIO_ILA/ProgSqrWav_VIO_ILA.gen/sources_1/bd/design_1/ipshared/8745/hdl/verilog/xsdbm_v3_0_2_bs_core.vh:465]
INFO: [Synth 8-11241] undeclared symbol 'runtest_int', assumed default net type 'wire' [c:/Users/Lenovo/Documents/Xilinx Vivado/Labs/ProgSqrWavGen/ProgSqrWav_VIO_ILA/ProgSqrWav_VIO_ILA.gen/sources_1/bd/design_1/ipshared/8745/hdl/verilog/xsdbm_v3_0_2_bs_core.vh:467]
INFO: [Synth 8-11241] undeclared symbol 'tms_int', assumed default net type 'wire' [c:/Users/Lenovo/Documents/Xilinx Vivado/Labs/ProgSqrWavGen/ProgSqrWav_VIO_ILA/ProgSqrWav_VIO_ILA.gen/sources_1/bd/design_1/ipshared/8745/hdl/verilog/xsdbm_v3_0_2_bs_core.vh:514]
INFO: [Synth 8-11241] undeclared symbol 'runtest_int', assumed default net type 'wire' [c:/Users/Lenovo/Documents/Xilinx Vivado/Labs/ProgSqrWavGen/ProgSqrWav_VIO_ILA/ProgSqrWav_VIO_ILA.gen/sources_1/bd/design_1/ipshared/8745/hdl/verilog/xsdbm_v3_0_2_bs_core.vh:516]
INFO: [Synth 8-11241] undeclared symbol 'tms_int', assumed default net type 'wire' [c:/Users/Lenovo/Documents/Xilinx Vivado/Labs/ProgSqrWavGen/ProgSqrWav_VIO_ILA/ProgSqrWav_VIO_ILA.gen/sources_1/bd/design_1/ipshared/8745/hdl/verilog/xsdbm_v3_0_2_bs_core.vh:564]
INFO: [Synth 8-11241] undeclared symbol 'runtest_int', assumed default net type 'wire' [c:/Users/Lenovo/Documents/Xilinx Vivado/Labs/ProgSqrWavGen/ProgSqrWav_VIO_ILA/ProgSqrWav_VIO_ILA.gen/sources_1/bd/design_1/ipshared/8745/hdl/verilog/xsdbm_v3_0_2_bs_core.vh:566]
INFO: [Synth 8-11241] undeclared symbol 'tms_int', assumed default net type 'wire' [c:/Users/Lenovo/Documents/Xilinx Vivado/Labs/ProgSqrWavGen/ProgSqrWav_VIO_ILA/ProgSqrWav_VIO_ILA.gen/sources_1/bd/design_1/ipshared/8745/hdl/verilog/xsdbm_v3_0_2_bs_core.vh:615]
INFO: [Synth 8-11241] undeclared symbol 'runtest_int', assumed default net type 'wire' [c:/Users/Lenovo/Documents/Xilinx Vivado/Labs/ProgSqrWavGen/ProgSqrWav_VIO_ILA/ProgSqrWav_VIO_ILA.gen/sources_1/bd/design_1/ipshared/8745/hdl/verilog/xsdbm_v3_0_2_bs_core.vh:617]
INFO: [Synth 8-11241] undeclared symbol 'tms_int', assumed default net type 'wire' [c:/Users/Lenovo/Documents/Xilinx Vivado/Labs/ProgSqrWavGen/ProgSqrWav_VIO_ILA/ProgSqrWav_VIO_ILA.gen/sources_1/bd/design_1/ipshared/8745/hdl/verilog/xsdbm_v3_0_2_bs_core_vec.vh:30]
INFO: [Synth 8-11241] undeclared symbol 'runtest_int', assumed default net type 'wire' [c:/Users/Lenovo/Documents/Xilinx Vivado/Labs/ProgSqrWavGen/ProgSqrWav_VIO_ILA/ProgSqrWav_VIO_ILA.gen/sources_1/bd/design_1/ipshared/8745/hdl/verilog/xsdbm_v3_0_2_bs_core_vec.vh:32]
INFO: [Synth 8-11241] undeclared symbol 'tms_int', assumed default net type 'wire' [c:/Users/Lenovo/Documents/Xilinx Vivado/Labs/ProgSqrWavGen/ProgSqrWav_VIO_ILA/ProgSqrWav_VIO_ILA.gen/sources_1/bd/design_1/ipshared/8745/hdl/verilog/xsdbm_v3_0_2_bs_core_vec.vh:65]
INFO: [Synth 8-11241] undeclared symbol 'runtest_int', assumed default net type 'wire' [c:/Users/Lenovo/Documents/Xilinx Vivado/Labs/ProgSqrWavGen/ProgSqrWav_VIO_ILA/ProgSqrWav_VIO_ILA.gen/sources_1/bd/design_1/ipshared/8745/hdl/verilog/xsdbm_v3_0_2_bs_core_vec.vh:67]
INFO: [Synth 8-11241] undeclared symbol 'tms_int', assumed default net type 'wire' [c:/Users/Lenovo/Documents/Xilinx Vivado/Labs/ProgSqrWavGen/ProgSqrWav_VIO_ILA/ProgSqrWav_VIO_ILA.gen/sources_1/bd/design_1/ipshared/8745/hdl/verilog/xsdbm_v3_0_2_bs_core_vec.vh:100]
INFO: [Synth 8-11241] undeclared symbol 'runtest_int', assumed default net type 'wire' [c:/Users/Lenovo/Documents/Xilinx Vivado/Labs/ProgSqrWavGen/ProgSqrWav_VIO_ILA/ProgSqrWav_VIO_ILA.gen/sources_1/bd/design_1/ipshared/8745/hdl/verilog/xsdbm_v3_0_2_bs_core_vec.vh:102]
INFO: [Synth 8-11241] undeclared symbol 'tms_int', assumed default net type 'wire' [c:/Users/Lenovo/Documents/Xilinx Vivado/Labs/ProgSqrWavGen/ProgSqrWav_VIO_ILA/ProgSqrWav_VIO_ILA.gen/sources_1/bd/design_1/ipshared/8745/hdl/verilog/xsdbm_v3_0_2_bs_core_vec.vh:135]
INFO: [Synth 8-11241] undeclared symbol 'runtest_int', assumed default net type 'wire' [c:/Users/Lenovo/Documents/Xilinx Vivado/Labs/ProgSqrWavGen/ProgSqrWav_VIO_ILA/ProgSqrWav_VIO_ILA.gen/sources_1/bd/design_1/ipshared/8745/hdl/verilog/xsdbm_v3_0_2_bs_core_vec.vh:137]
INFO: [Synth 8-11241] undeclared symbol 'tms_int', assumed default net type 'wire' [c:/Users/Lenovo/Documents/Xilinx Vivado/Labs/ProgSqrWavGen/ProgSqrWav_VIO_ILA/ProgSqrWav_VIO_ILA.gen/sources_1/bd/design_1/ipshared/8745/hdl/verilog/xsdbm_v3_0_2_bs_core_vec.vh:170]
INFO: [Synth 8-11241] undeclared symbol 'runtest_int', assumed default net type 'wire' [c:/Users/Lenovo/Documents/Xilinx Vivado/Labs/ProgSqrWavGen/ProgSqrWav_VIO_ILA/ProgSqrWav_VIO_ILA.gen/sources_1/bd/design_1/ipshared/8745/hdl/verilog/xsdbm_v3_0_2_bs_core_vec.vh:172]
INFO: [Synth 8-11241] undeclared symbol 'tms_int', assumed default net type 'wire' [c:/Users/Lenovo/Documents/Xilinx Vivado/Labs/ProgSqrWavGen/ProgSqrWav_VIO_ILA/ProgSqrWav_VIO_ILA.gen/sources_1/bd/design_1/ipshared/8745/hdl/verilog/xsdbm_v3_0_2_bs_core_vec.vh:205]
INFO: [Synth 8-11241] undeclared symbol 'runtest_int', assumed default net type 'wire' [c:/Users/Lenovo/Documents/Xilinx Vivado/Labs/ProgSqrWavGen/ProgSqrWav_VIO_ILA/ProgSqrWav_VIO_ILA.gen/sources_1/bd/design_1/ipshared/8745/hdl/verilog/xsdbm_v3_0_2_bs_core_vec.vh:207]
INFO: [Synth 8-11241] undeclared symbol 'tms_int', assumed default net type 'wire' [c:/Users/Lenovo/Documents/Xilinx Vivado/Labs/ProgSqrWavGen/ProgSqrWav_VIO_ILA/ProgSqrWav_VIO_ILA.gen/sources_1/bd/design_1/ipshared/8745/hdl/verilog/xsdbm_v3_0_2_bs_core_vec.vh:240]
INFO: [Synth 8-11241] undeclared symbol 'runtest_int', assumed default net type 'wire' [c:/Users/Lenovo/Documents/Xilinx Vivado/Labs/ProgSqrWavGen/ProgSqrWav_VIO_ILA/ProgSqrWav_VIO_ILA.gen/sources_1/bd/design_1/ipshared/8745/hdl/verilog/xsdbm_v3_0_2_bs_core_vec.vh:242]
INFO: [Synth 8-11241] undeclared symbol 'tms_int', assumed default net type 'wire' [c:/Users/Lenovo/Documents/Xilinx Vivado/Labs/ProgSqrWavGen/ProgSqrWav_VIO_ILA/ProgSqrWav_VIO_ILA.gen/sources_1/bd/design_1/ipshared/8745/hdl/verilog/xsdbm_v3_0_2_bs_core_vec.vh:275]
INFO: [Synth 8-11241] undeclared symbol 'runtest_int', assumed default net type 'wire' [c:/Users/Lenovo/Documents/Xilinx Vivado/Labs/ProgSqrWavGen/ProgSqrWav_VIO_ILA/ProgSqrWav_VIO_ILA.gen/sources_1/bd/design_1/ipshared/8745/hdl/verilog/xsdbm_v3_0_2_bs_core_vec.vh:277]
INFO: [Synth 8-11241] undeclared symbol 'tms_int', assumed default net type 'wire' [c:/Users/Lenovo/Documents/Xilinx Vivado/Labs/ProgSqrWavGen/ProgSqrWav_VIO_ILA/ProgSqrWav_VIO_ILA.gen/sources_1/bd/design_1/ipshared/8745/hdl/verilog/xsdbm_v3_0_2_bs_core_vec.vh:310]
INFO: [Synth 8-11241] undeclared symbol 'runtest_int', assumed default net type 'wire' [c:/Users/Lenovo/Documents/Xilinx Vivado/Labs/ProgSqrWavGen/ProgSqrWav_VIO_ILA/ProgSqrWav_VIO_ILA.gen/sources_1/bd/design_1/ipshared/8745/hdl/verilog/xsdbm_v3_0_2_bs_core_vec.vh:312]
INFO: [Synth 8-11241] undeclared symbol 'tms_int', assumed default net type 'wire' [c:/Users/Lenovo/Documents/Xilinx Vivado/Labs/ProgSqrWavGen/ProgSqrWav_VIO_ILA/ProgSqrWav_VIO_ILA.gen/sources_1/bd/design_1/ipshared/8745/hdl/verilog/xsdbm_v3_0_2_bs_core_vec.vh:345]
INFO: [Synth 8-11241] undeclared symbol 'runtest_int', assumed default net type 'wire' [c:/Users/Lenovo/Documents/Xilinx Vivado/Labs/ProgSqrWavGen/ProgSqrWav_VIO_ILA/ProgSqrWav_VIO_ILA.gen/sources_1/bd/design_1/ipshared/8745/hdl/verilog/xsdbm_v3_0_2_bs_core_vec.vh:347]
INFO: [Synth 8-11241] undeclared symbol 'tms_int', assumed default net type 'wire' [c:/Users/Lenovo/Documents/Xilinx Vivado/Labs/ProgSqrWavGen/ProgSqrWav_VIO_ILA/ProgSqrWav_VIO_ILA.gen/sources_1/bd/design_1/ipshared/8745/hdl/verilog/xsdbm_v3_0_2_bs_core_vec.vh:380]
INFO: [Synth 8-11241] undeclared symbol 'runtest_int', assumed default net type 'wire' [c:/Users/Lenovo/Documents/Xilinx Vivado/Labs/ProgSqrWavGen/ProgSqrWav_VIO_ILA/ProgSqrWav_VIO_ILA.gen/sources_1/bd/design_1/ipshared/8745/hdl/verilog/xsdbm_v3_0_2_bs_core_vec.vh:382]
INFO: [Synth 8-11241] undeclared symbol 'tms_int', assumed default net type 'wire' [c:/Users/Lenovo/Documents/Xilinx Vivado/Labs/ProgSqrWavGen/ProgSqrWav_VIO_ILA/ProgSqrWav_VIO_ILA.gen/sources_1/bd/design_1/ipshared/8745/hdl/verilog/xsdbm_v3_0_2_bs_core_vec.vh:415]
INFO: [Synth 8-11241] undeclared symbol 'runtest_int', assumed default net type 'wire' [c:/Users/Lenovo/Documents/Xilinx Vivado/Labs/ProgSqrWavGen/ProgSqrWav_VIO_ILA/ProgSqrWav_VIO_ILA.gen/sources_1/bd/design_1/ipshared/8745/hdl/verilog/xsdbm_v3_0_2_bs_core_vec.vh:417]
INFO: [Synth 8-11241] undeclared symbol 'tms_int', assumed default net type 'wire' [c:/Users/Lenovo/Documents/Xilinx Vivado/Labs/ProgSqrWavGen/ProgSqrWav_VIO_ILA/ProgSqrWav_VIO_ILA.gen/sources_1/bd/design_1/ipshared/8745/hdl/verilog/xsdbm_v3_0_2_bs_core_vec.vh:450]
INFO: [Synth 8-11241] undeclared symbol 'runtest_int', assumed default net type 'wire' [c:/Users/Lenovo/Documents/Xilinx Vivado/Labs/ProgSqrWavGen/ProgSqrWav_VIO_ILA/ProgSqrWav_VIO_ILA.gen/sources_1/bd/design_1/ipshared/8745/hdl/verilog/xsdbm_v3_0_2_bs_core_vec.vh:452]
INFO: [Synth 8-11241] undeclared symbol 'tms_int', assumed default net type 'wire' [c:/Users/Lenovo/Documents/Xilinx Vivado/Labs/ProgSqrWavGen/ProgSqrWav_VIO_ILA/ProgSqrWav_VIO_ILA.gen/sources_1/bd/design_1/ipshared/8745/hdl/verilog/xsdbm_v3_0_2_bs_core_vec.vh:485]
INFO: [Synth 8-11241] undeclared symbol 'runtest_int', assumed default net type 'wire' [c:/Users/Lenovo/Documents/Xilinx Vivado/Labs/ProgSqrWavGen/ProgSqrWav_VIO_ILA/ProgSqrWav_VIO_ILA.gen/sources_1/bd/design_1/ipshared/8745/hdl/verilog/xsdbm_v3_0_2_bs_core_vec.vh:487]
INFO: [Synth 8-11241] undeclared symbol 'tms_int', assumed default net type 'wire' [c:/Users/Lenovo/Documents/Xilinx Vivado/Labs/ProgSqrWavGen/ProgSqrWav_VIO_ILA/ProgSqrWav_VIO_ILA.gen/sources_1/bd/design_1/ipshared/8745/hdl/verilog/xsdbm_v3_0_2_bs_core_vec.vh:30]
INFO: [Synth 8-11241] undeclared symbol 'runtest_int', assumed default net type 'wire' [c:/Users/Lenovo/Documents/Xilinx Vivado/Labs/ProgSqrWavGen/ProgSqrWav_VIO_ILA/ProgSqrWav_VIO_ILA.gen/sources_1/bd/design_1/ipshared/8745/hdl/verilog/xsdbm_v3_0_2_bs_core_vec.vh:32]
INFO: [Synth 8-11241] undeclared symbol 'tms_int', assumed default net type 'wire' [c:/Users/Lenovo/Documents/Xilinx Vivado/Labs/ProgSqrWavGen/ProgSqrWav_VIO_ILA/ProgSqrWav_VIO_ILA.gen/sources_1/bd/design_1/ipshared/8745/hdl/verilog/xsdbm_v3_0_2_bs_core_vec.vh:65]
INFO: [Synth 8-11241] undeclared symbol 'runtest_int', assumed default net type 'wire' [c:/Users/Lenovo/Documents/Xilinx Vivado/Labs/ProgSqrWavGen/ProgSqrWav_VIO_ILA/ProgSqrWav_VIO_ILA.gen/sources_1/bd/design_1/ipshared/8745/hdl/verilog/xsdbm_v3_0_2_bs_core_vec.vh:67]
INFO: [Synth 8-11241] undeclared symbol 'tms_int', assumed default net type 'wire' [c:/Users/Lenovo/Documents/Xilinx Vivado/Labs/ProgSqrWavGen/ProgSqrWav_VIO_ILA/ProgSqrWav_VIO_ILA.gen/sources_1/bd/design_1/ipshared/8745/hdl/verilog/xsdbm_v3_0_2_bs_core_vec.vh:100]
INFO: [Synth 8-11241] undeclared symbol 'runtest_int', assumed default net type 'wire' [c:/Users/Lenovo/Documents/Xilinx Vivado/Labs/ProgSqrWavGen/ProgSqrWav_VIO_ILA/ProgSqrWav_VIO_ILA.gen/sources_1/bd/design_1/ipshared/8745/hdl/verilog/xsdbm_v3_0_2_bs_core_vec.vh:102]
INFO: [Synth 8-11241] undeclared symbol 'tms_int', assumed default net type 'wire' [c:/Users/Lenovo/Documents/Xilinx Vivado/Labs/ProgSqrWavGen/ProgSqrWav_VIO_ILA/ProgSqrWav_VIO_ILA.gen/sources_1/bd/design_1/ipshared/8745/hdl/verilog/xsdbm_v3_0_2_bs_core_vec.vh:135]
INFO: [Synth 8-11241] undeclared symbol 'runtest_int', assumed default net type 'wire' [c:/Users/Lenovo/Documents/Xilinx Vivado/Labs/ProgSqrWavGen/ProgSqrWav_VIO_ILA/ProgSqrWav_VIO_ILA.gen/sources_1/bd/design_1/ipshared/8745/hdl/verilog/xsdbm_v3_0_2_bs_core_vec.vh:137]
INFO: [Synth 8-11241] undeclared symbol 'tms_int', assumed default net type 'wire' [c:/Users/Lenovo/Documents/Xilinx Vivado/Labs/ProgSqrWavGen/ProgSqrWav_VIO_ILA/ProgSqrWav_VIO_ILA.gen/sources_1/bd/design_1/ipshared/8745/hdl/verilog/xsdbm_v3_0_2_bs_core_vec.vh:170]
INFO: [Synth 8-11241] undeclared symbol 'runtest_int', assumed default net type 'wire' [c:/Users/Lenovo/Documents/Xilinx Vivado/Labs/ProgSqrWavGen/ProgSqrWav_VIO_ILA/ProgSqrWav_VIO_ILA.gen/sources_1/bd/design_1/ipshared/8745/hdl/verilog/xsdbm_v3_0_2_bs_core_vec.vh:172]
INFO: [Synth 8-11241] undeclared symbol 'tms_int', assumed default net type 'wire' [c:/Users/Lenovo/Documents/Xilinx Vivado/Labs/ProgSqrWavGen/ProgSqrWav_VIO_ILA/ProgSqrWav_VIO_ILA.gen/sources_1/bd/design_1/ipshared/8745/hdl/verilog/xsdbm_v3_0_2_bs_core_vec.vh:205]
INFO: [Synth 8-11241] undeclared symbol 'runtest_int', assumed default net type 'wire' [c:/Users/Lenovo/Documents/Xilinx Vivado/Labs/ProgSqrWavGen/ProgSqrWav_VIO_ILA/ProgSqrWav_VIO_ILA.gen/sources_1/bd/design_1/ipshared/8745/hdl/verilog/xsdbm_v3_0_2_bs_core_vec.vh:207]
INFO: [Synth 8-11241] undeclared symbol 'tms_int', assumed default net type 'wire' [c:/Users/Lenovo/Documents/Xilinx Vivado/Labs/ProgSqrWavGen/ProgSqrWav_VIO_ILA/ProgSqrWav_VIO_ILA.gen/sources_1/bd/design_1/ipshared/8745/hdl/verilog/xsdbm_v3_0_2_bs_core_vec.vh:240]
INFO: [Synth 8-11241] undeclared symbol 'runtest_int', assumed default net type 'wire' [c:/Users/Lenovo/Documents/Xilinx Vivado/Labs/ProgSqrWavGen/ProgSqrWav_VIO_ILA/ProgSqrWav_VIO_ILA.gen/sources_1/bd/design_1/ipshared/8745/hdl/verilog/xsdbm_v3_0_2_bs_core_vec.vh:242]
INFO: [Synth 8-11241] undeclared symbol 'tms_int', assumed default net type 'wire' [c:/Users/Lenovo/Documents/Xilinx Vivado/Labs/ProgSqrWavGen/ProgSqrWav_VIO_ILA/ProgSqrWav_VIO_ILA.gen/sources_1/bd/design_1/ipshared/8745/hdl/verilog/xsdbm_v3_0_2_bs_core_vec.vh:275]
INFO: [Synth 8-11241] undeclared symbol 'runtest_int', assumed default net type 'wire' [c:/Users/Lenovo/Documents/Xilinx Vivado/Labs/ProgSqrWavGen/ProgSqrWav_VIO_ILA/ProgSqrWav_VIO_ILA.gen/sources_1/bd/design_1/ipshared/8745/hdl/verilog/xsdbm_v3_0_2_bs_core_vec.vh:277]
INFO: [Common 17-14] Message 'Synth 8-11241' appears 100 times and further instances of the messages will be disabled. Use the Tcl command set_msg_config to change the current settings.
INFO: [Synth 8-6157] synthesizing module 'design_1_ila_0_0' [c:/Users/Lenovo/Documents/Xilinx Vivado/Labs/ProgSqrWavGen/ProgSqrWav_VIO_ILA/ProgSqrWav_VIO_ILA.gen/sources_1/bd/design_1/ip/design_1_ila_0_0/synth/design_1_ila_0_0.v:48]
INFO: [Synth 8-6157] synthesizing module 'CFGLUT5' [C:/Universidad/Xilinx/Vivado/2024.1/scripts/rt/data/unisim_comp.v:2404]
INFO: [Synth 8-6155] done synthesizing module 'CFGLUT5' (0#1) [C:/Universidad/Xilinx/Vivado/2024.1/scripts/rt/data/unisim_comp.v:2404]
INFO: [Synth 8-6157] synthesizing module 'CARRY4' [C:/Universidad/Xilinx/Vivado/2024.1/scripts/rt/data/unisim_comp.v:2367]
INFO: [Synth 8-6155] done synthesizing module 'CARRY4' (0#1) [C:/Universidad/Xilinx/Vivado/2024.1/scripts/rt/data/unisim_comp.v:2367]
INFO: [Synth 8-6157] synthesizing module 'SRLC32E' [C:/Universidad/Xilinx/Vivado/2024.1/scripts/rt/data/unisim_comp.v:137412]
INFO: [Synth 8-6155] done synthesizing module 'SRLC32E' (0#1) [C:/Universidad/Xilinx/Vivado/2024.1/scripts/rt/data/unisim_comp.v:137412]
INFO: [Synth 8-6157] synthesizing module 'SRL16E' [C:/Universidad/Xilinx/Vivado/2024.1/scripts/rt/data/unisim_comp.v:137262]
INFO: [Synth 8-6155] done synthesizing module 'SRL16E' (0#1) [C:/Universidad/Xilinx/Vivado/2024.1/scripts/rt/data/unisim_comp.v:137262]
INFO: [Synth 8-6157] synthesizing module 'SRLC16E' [C:/Universidad/Xilinx/Vivado/2024.1/scripts/rt/data/unisim_comp.v:137351]
INFO: [Synth 8-6155] done synthesizing module 'SRLC16E' (0#1) [C:/Universidad/Xilinx/Vivado/2024.1/scripts/rt/data/unisim_comp.v:137351]
INFO: [Synth 8-6157] synthesizing module 'FDRE' [C:/Universidad/Xilinx/Vivado/2024.1/scripts/rt/data/unisim_comp.v:41014]
INFO: [Synth 8-6155] done synthesizing module 'FDRE' (0#1) [C:/Universidad/Xilinx/Vivado/2024.1/scripts/rt/data/unisim_comp.v:41014]
WARNING: [Synth 8-7071] port 'clk_nobuf' of module 'ila_v6_2_15_ila' is unconnected for instance 'inst' [c:/Users/Lenovo/Documents/Xilinx Vivado/Labs/ProgSqrWavGen/ProgSqrWav_VIO_ILA/ProgSqrWav_VIO_ILA.gen/sources_1/bd/design_1/ip/design_1_ila_0_0/synth/design_1_ila_0_0.v:3219]
WARNING: [Synth 8-7071] port 'clkdiv_out' of module 'ila_v6_2_15_ila' is unconnected for instance 'inst' [c:/Users/Lenovo/Documents/Xilinx Vivado/Labs/ProgSqrWavGen/ProgSqrWav_VIO_ILA/ProgSqrWav_VIO_ILA.gen/sources_1/bd/design_1/ip/design_1_ila_0_0/synth/design_1_ila_0_0.v:3219]
WARNING: [Synth 8-7071] port 'trig_in' of module 'ila_v6_2_15_ila' is unconnected for instance 'inst' [c:/Users/Lenovo/Documents/Xilinx Vivado/Labs/ProgSqrWavGen/ProgSqrWav_VIO_ILA/ProgSqrWav_VIO_ILA.gen/sources_1/bd/design_1/ip/design_1_ila_0_0/synth/design_1_ila_0_0.v:3219]
WARNING: [Synth 8-7071] port 'trig_in_ack' of module 'ila_v6_2_15_ila' is unconnected for instance 'inst' [c:/Users/Lenovo/Documents/Xilinx Vivado/Labs/ProgSqrWavGen/ProgSqrWav_VIO_ILA/ProgSqrWav_VIO_ILA.gen/sources_1/bd/design_1/ip/design_1_ila_0_0/synth/design_1_ila_0_0.v:3219]
WARNING: [Synth 8-7071] port 'trig_out' of module 'ila_v6_2_15_ila' is unconnected for instance 'inst' [c:/Users/Lenovo/Documents/Xilinx Vivado/Labs/ProgSqrWavGen/ProgSqrWav_VIO_ILA/ProgSqrWav_VIO_ILA.gen/sources_1/bd/design_1/ip/design_1_ila_0_0/synth/design_1_ila_0_0.v:3219]
WARNING: [Synth 8-7071] port 'trig_out_ack' of module 'ila_v6_2_15_ila' is unconnected for instance 'inst' [c:/Users/Lenovo/Documents/Xilinx Vivado/Labs/ProgSqrWavGen/ProgSqrWav_VIO_ILA/ProgSqrWav_VIO_ILA.gen/sources_1/bd/design_1/ip/design_1_ila_0_0/synth/design_1_ila_0_0.v:3219]
WARNING: [Synth 8-7023] instance 'inst' of module 'ila_v6_2_15_ila' has 1033 connections declared, but only 1027 given [c:/Users/Lenovo/Documents/Xilinx Vivado/Labs/ProgSqrWavGen/ProgSqrWav_VIO_ILA/ProgSqrWav_VIO_ILA.gen/sources_1/bd/design_1/ip/design_1_ila_0_0/synth/design_1_ila_0_0.v:3219]
INFO: [Synth 8-6155] done synthesizing module 'design_1_ila_0_0' (0#1) [c:/Users/Lenovo/Documents/Xilinx Vivado/Labs/ProgSqrWavGen/ProgSqrWav_VIO_ILA/ProgSqrWav_VIO_ILA.gen/sources_1/bd/design_1/ip/design_1_ila_0_0/synth/design_1_ila_0_0.v:48]
WARNING: [Synth 8-3848] Net sl_iport0 in module/entity design_1_ila_0_0 does not have driver. [c:/Users/Lenovo/Documents/Xilinx Vivado/Labs/ProgSqrWavGen/ProgSqrWav_VIO_ILA/ProgSqrWav_VIO_ILA.gen/sources_1/bd/design_1/ip/design_1_ila_0_0/synth/design_1_ila_0_0.v:108]
WARNING: [Synth 8-7129] Port SEL_I[0] in module ltlib_v1_0_2_generic_mux is either unconnected or has no load
WARNING: [Synth 8-7129] Port CLKB in module blk_mem_gen_v8_4_8_blk_mem_output_block is either unconnected or has no load
WARNING: [Synth 8-7129] Port DOUTA_I[12] in module blk_mem_gen_v8_4_8_blk_mem_output_block is either unconnected or has no load
WARNING: [Synth 8-7129] Port DOUTA_I[11] in module blk_mem_gen_v8_4_8_blk_mem_output_block is either unconnected or has no load
WARNING: [Synth 8-7129] Port DOUTA_I[10] in module blk_mem_gen_v8_4_8_blk_mem_output_block is either unconnected or has no load
WARNING: [Synth 8-7129] Port DOUTA_I[9] in module blk_mem_gen_v8_4_8_blk_mem_output_block is either unconnected or has no load
WARNING: [Synth 8-7129] Port DOUTA_I[8] in module blk_mem_gen_v8_4_8_blk_mem_output_block is either unconnected or has no load
WARNING: [Synth 8-7129] Port DOUTA_I[7] in module blk_mem_gen_v8_4_8_blk_mem_output_block is either unconnected or has no load
WARNING: [Synth 8-7129] Port DOUTA_I[6] in module blk_mem_gen_v8_4_8_blk_mem_output_block is either unconnected or has no load
WARNING: [Synth 8-7129] Port DOUTA_I[5] in module blk_mem_gen_v8_4_8_blk_mem_output_block is either unconnected or has no load
WARNING: [Synth 8-7129] Port DOUTA_I[4] in module blk_mem_gen_v8_4_8_blk_mem_output_block is either unconnected or has no load
WARNING: [Synth 8-7129] Port DOUTA_I[3] in module blk_mem_gen_v8_4_8_blk_mem_output_block is either unconnected or has no load
WARNING: [Synth 8-7129] Port DOUTA_I[2] in module blk_mem_gen_v8_4_8_blk_mem_output_block is either unconnected or has no load
WARNING: [Synth 8-7129] Port DOUTA_I[1] in module blk_mem_gen_v8_4_8_blk_mem_output_block is either unconnected or has no load
WARNING: [Synth 8-7129] Port DOUTA_I[0] in module blk_mem_gen_v8_4_8_blk_mem_output_block is either unconnected or has no load
WARNING: [Synth 8-7129] Port SBITERR_I in module blk_mem_gen_v8_4_8_blk_mem_output_block is either unconnected or has no load
WARNING: [Synth 8-7129] Port DBITERR_I in module blk_mem_gen_v8_4_8_blk_mem_output_block is either unconnected or has no load
WARNING: [Synth 8-7129] Port RDADDRECC_I[15] in module blk_mem_gen_v8_4_8_blk_mem_output_block is either unconnected or has no load
WARNING: [Synth 8-7129] Port RDADDRECC_I[14] in module blk_mem_gen_v8_4_8_blk_mem_output_block is either unconnected or has no load
WARNING: [Synth 8-7129] Port RDADDRECC_I[13] in module blk_mem_gen_v8_4_8_blk_mem_output_block is either unconnected or has no load
WARNING: [Synth 8-7129] Port RDADDRECC_I[12] in module blk_mem_gen_v8_4_8_blk_mem_output_block is either unconnected or has no load
WARNING: [Synth 8-7129] Port RDADDRECC_I[11] in module blk_mem_gen_v8_4_8_blk_mem_output_block is either unconnected or has no load
WARNING: [Synth 8-7129] Port RDADDRECC_I[10] in module blk_mem_gen_v8_4_8_blk_mem_output_block is either unconnected or has no load
WARNING: [Synth 8-7129] Port RDADDRECC_I[9] in module blk_mem_gen_v8_4_8_blk_mem_output_block is either unconnected or has no load
WARNING: [Synth 8-7129] Port RDADDRECC_I[8] in module blk_mem_gen_v8_4_8_blk_mem_output_block is either unconnected or has no load
WARNING: [Synth 8-7129] Port RDADDRECC_I[7] in module blk_mem_gen_v8_4_8_blk_mem_output_block is either unconnected or has no load
WARNING: [Synth 8-7129] Port RDADDRECC_I[6] in module blk_mem_gen_v8_4_8_blk_mem_output_block is either unconnected or has no load
WARNING: [Synth 8-7129] Port RDADDRECC_I[5] in module blk_mem_gen_v8_4_8_blk_mem_output_block is either unconnected or has no load
WARNING: [Synth 8-7129] Port RDADDRECC_I[4] in module blk_mem_gen_v8_4_8_blk_mem_output_block is either unconnected or has no load
WARNING: [Synth 8-7129] Port RDADDRECC_I[3] in module blk_mem_gen_v8_4_8_blk_mem_output_block is either unconnected or has no load
WARNING: [Synth 8-7129] Port RDADDRECC_I[2] in module blk_mem_gen_v8_4_8_blk_mem_output_block is either unconnected or has no load
WARNING: [Synth 8-7129] Port RDADDRECC_I[1] in module blk_mem_gen_v8_4_8_blk_mem_output_block is either unconnected or has no load
WARNING: [Synth 8-7129] Port RDADDRECC_I[0] in module blk_mem_gen_v8_4_8_blk_mem_output_block is either unconnected or has no load
WARNING: [Synth 8-7129] Port DOUTA[0] in module blk_mem_gen_v8_4_8_blk_mem_gen_prim_wrapper__parameterized15 is either unconnected or has no load
WARNING: [Synth 8-7129] Port SBITERR in module blk_mem_gen_v8_4_8_blk_mem_gen_prim_wrapper__parameterized15 is either unconnected or has no load
WARNING: [Synth 8-7129] Port DBITERR in module blk_mem_gen_v8_4_8_blk_mem_gen_prim_wrapper__parameterized15 is either unconnected or has no load
WARNING: [Synth 8-7129] Port SSRA in module blk_mem_gen_v8_4_8_blk_mem_gen_prim_wrapper__parameterized15 is either unconnected or has no load
WARNING: [Synth 8-7129] Port REGCEA in module blk_mem_gen_v8_4_8_blk_mem_gen_prim_wrapper__parameterized15 is either unconnected or has no load
WARNING: [Synth 8-7129] Port SSRB in module blk_mem_gen_v8_4_8_blk_mem_gen_prim_wrapper__parameterized15 is either unconnected or has no load
WARNING: [Synth 8-7129] Port WEB[0] in module blk_mem_gen_v8_4_8_blk_mem_gen_prim_wrapper__parameterized15 is either unconnected or has no load
WARNING: [Synth 8-7129] Port DINB[0] in module blk_mem_gen_v8_4_8_blk_mem_gen_prim_wrapper__parameterized15 is either unconnected or has no load
WARNING: [Synth 8-7129] Port SLEEP in module blk_mem_gen_v8_4_8_blk_mem_gen_prim_wrapper__parameterized15 is either unconnected or has no load
WARNING: [Synth 8-7129] Port INJECTSBITERR in module blk_mem_gen_v8_4_8_blk_mem_gen_prim_wrapper__parameterized15 is either unconnected or has no load
WARNING: [Synth 8-7129] Port INJECTDBITERR in module blk_mem_gen_v8_4_8_blk_mem_gen_prim_wrapper__parameterized15 is either unconnected or has no load
WARNING: [Synth 8-7129] Port ECCPIPECE in module blk_mem_gen_v8_4_8_blk_mem_gen_prim_wrapper__parameterized15 is either unconnected or has no load
WARNING: [Synth 8-7129] Port DOUTA[8] in module blk_mem_gen_v8_4_8_blk_mem_gen_prim_wrapper is either unconnected or has no load
WARNING: [Synth 8-7129] Port DOUTA[7] in module blk_mem_gen_v8_4_8_blk_mem_gen_prim_wrapper is either unconnected or has no load
WARNING: [Synth 8-7129] Port DOUTA[6] in module blk_mem_gen_v8_4_8_blk_mem_gen_prim_wrapper is either unconnected or has no load
WARNING: [Synth 8-7129] Port DOUTA[5] in module blk_mem_gen_v8_4_8_blk_mem_gen_prim_wrapper is either unconnected or has no load
WARNING: [Synth 8-7129] Port DOUTA[4] in module blk_mem_gen_v8_4_8_blk_mem_gen_prim_wrapper is either unconnected or has no load
WARNING: [Synth 8-7129] Port DOUTA[3] in module blk_mem_gen_v8_4_8_blk_mem_gen_prim_wrapper is either unconnected or has no load
WARNING: [Synth 8-7129] Port DOUTA[2] in module blk_mem_gen_v8_4_8_blk_mem_gen_prim_wrapper is either unconnected or has no load
WARNING: [Synth 8-7129] Port DOUTA[1] in module blk_mem_gen_v8_4_8_blk_mem_gen_prim_wrapper is either unconnected or has no load
WARNING: [Synth 8-7129] Port DOUTA[0] in module blk_mem_gen_v8_4_8_blk_mem_gen_prim_wrapper is either unconnected or has no load
WARNING: [Synth 8-7129] Port SBITERR in module blk_mem_gen_v8_4_8_blk_mem_gen_prim_wrapper is either unconnected or has no load
WARNING: [Synth 8-7129] Port DBITERR in module blk_mem_gen_v8_4_8_blk_mem_gen_prim_wrapper is either unconnected or has no load
WARNING: [Synth 8-7129] Port SSRA in module blk_mem_gen_v8_4_8_blk_mem_gen_prim_wrapper is either unconnected or has no load
WARNING: [Synth 8-7129] Port REGCEA in module blk_mem_gen_v8_4_8_blk_mem_gen_prim_wrapper is either unconnected or has no load
WARNING: [Synth 8-7129] Port SSRB in module blk_mem_gen_v8_4_8_blk_mem_gen_prim_wrapper is either unconnected or has no load
WARNING: [Synth 8-7129] Port WEB[0] in module blk_mem_gen_v8_4_8_blk_mem_gen_prim_wrapper is either unconnected or has no load
WARNING: [Synth 8-7129] Port DINB[8] in module blk_mem_gen_v8_4_8_blk_mem_gen_prim_wrapper is either unconnected or has no load
WARNING: [Synth 8-7129] Port DINB[7] in module blk_mem_gen_v8_4_8_blk_mem_gen_prim_wrapper is either unconnected or has no load
WARNING: [Synth 8-7129] Port DINB[6] in module blk_mem_gen_v8_4_8_blk_mem_gen_prim_wrapper is either unconnected or has no load
WARNING: [Synth 8-7129] Port DINB[5] in module blk_mem_gen_v8_4_8_blk_mem_gen_prim_wrapper is either unconnected or has no load
WARNING: [Synth 8-7129] Port DINB[4] in module blk_mem_gen_v8_4_8_blk_mem_gen_prim_wrapper is either unconnected or has no load
WARNING: [Synth 8-7129] Port DINB[3] in module blk_mem_gen_v8_4_8_blk_mem_gen_prim_wrapper is either unconnected or has no load
WARNING: [Synth 8-7129] Port DINB[2] in module blk_mem_gen_v8_4_8_blk_mem_gen_prim_wrapper is either unconnected or has no load
WARNING: [Synth 8-7129] Port DINB[1] in module blk_mem_gen_v8_4_8_blk_mem_gen_prim_wrapper is either unconnected or has no load
WARNING: [Synth 8-7129] Port DINB[0] in module blk_mem_gen_v8_4_8_blk_mem_gen_prim_wrapper is either unconnected or has no load
WARNING: [Synth 8-7129] Port SLEEP in module blk_mem_gen_v8_4_8_blk_mem_gen_prim_wrapper is either unconnected or has no load
WARNING: [Synth 8-7129] Port INJECTSBITERR in module blk_mem_gen_v8_4_8_blk_mem_gen_prim_wrapper is either unconnected or has no load
WARNING: [Synth 8-7129] Port INJECTDBITERR in module blk_mem_gen_v8_4_8_blk_mem_gen_prim_wrapper is either unconnected or has no load
WARNING: [Synth 8-7129] Port ECCPIPECE in module blk_mem_gen_v8_4_8_blk_mem_gen_prim_wrapper is either unconnected or has no load
WARNING: [Synth 8-7129] Port MUX_RST[0] in module blk_mem_gen_v8_4_8_blk_mem_gen_mux__parameterized0 is either unconnected or has no load
WARNING: [Synth 8-7129] Port MEM_LAT_RST in module blk_mem_gen_v8_4_8_blk_mem_gen_mux__parameterized0 is either unconnected or has no load
WARNING: [Synth 8-7129] Port MUX_REGCE[0] in module blk_mem_gen_v8_4_8_blk_mem_gen_mux__parameterized0 is either unconnected or has no load
WARNING: [Synth 8-7129] Port WE in module blk_mem_gen_v8_4_8_blk_mem_gen_mux__parameterized0 is either unconnected or has no load
WARNING: [Synth 8-7129] Port ADDR_IN[15] in module blk_mem_gen_v8_4_8_blk_mem_gen_mux__parameterized0 is either unconnected or has no load
WARNING: [Synth 8-7129] Port ADDR_IN[14] in module blk_mem_gen_v8_4_8_blk_mem_gen_mux__parameterized0 is either unconnected or has no load
WARNING: [Synth 8-7129] Port ADDR_IN[13] in module blk_mem_gen_v8_4_8_blk_mem_gen_mux__parameterized0 is either unconnected or has no load
WARNING: [Synth 8-7129] Port ADDR_IN[12] in module blk_mem_gen_v8_4_8_blk_mem_gen_mux__parameterized0 is either unconnected or has no load
WARNING: [Synth 8-7129] Port ADDR_IN[11] in module blk_mem_gen_v8_4_8_blk_mem_gen_mux__parameterized0 is either unconnected or has no load
WARNING: [Synth 8-7129] Port ADDR_IN[10] in module blk_mem_gen_v8_4_8_blk_mem_gen_mux__parameterized0 is either unconnected or has no load
WARNING: [Synth 8-7129] Port ADDR_IN[9] in module blk_mem_gen_v8_4_8_blk_mem_gen_mux__parameterized0 is either unconnected or has no load
WARNING: [Synth 8-7129] Port ADDR_IN[8] in module blk_mem_gen_v8_4_8_blk_mem_gen_mux__parameterized0 is either unconnected or has no load
WARNING: [Synth 8-7129] Port ADDR_IN[7] in module blk_mem_gen_v8_4_8_blk_mem_gen_mux__parameterized0 is either unconnected or has no load
WARNING: [Synth 8-7129] Port ADDR_IN[6] in module blk_mem_gen_v8_4_8_blk_mem_gen_mux__parameterized0 is either unconnected or has no load
WARNING: [Synth 8-7129] Port ADDR_IN[5] in module blk_mem_gen_v8_4_8_blk_mem_gen_mux__parameterized0 is either unconnected or has no load
WARNING: [Synth 8-7129] Port ADDR_IN[4] in module blk_mem_gen_v8_4_8_blk_mem_gen_mux__parameterized0 is either unconnected or has no load
WARNING: [Synth 8-7129] Port ADDR_IN[3] in module blk_mem_gen_v8_4_8_blk_mem_gen_mux__parameterized0 is either unconnected or has no load
WARNING: [Synth 8-7129] Port ADDR_IN[2] in module blk_mem_gen_v8_4_8_blk_mem_gen_mux__parameterized0 is either unconnected or has no load
WARNING: [Synth 8-7129] Port ADDR_IN[1] in module blk_mem_gen_v8_4_8_blk_mem_gen_mux__parameterized0 is either unconnected or has no load
WARNING: [Synth 8-7129] Port ADDR_IN[0] in module blk_mem_gen_v8_4_8_blk_mem_gen_mux__parameterized0 is either unconnected or has no load
WARNING: [Synth 8-7129] Port SBITERRIN[207] in module blk_mem_gen_v8_4_8_blk_mem_gen_mux__parameterized0 is either unconnected or has no load
WARNING: [Synth 8-7129] Port SBITERRIN[206] in module blk_mem_gen_v8_4_8_blk_mem_gen_mux__parameterized0 is either unconnected or has no load
WARNING: [Synth 8-7129] Port SBITERRIN[205] in module blk_mem_gen_v8_4_8_blk_mem_gen_mux__parameterized0 is either unconnected or has no load
WARNING: [Synth 8-7129] Port SBITERRIN[204] in module blk_mem_gen_v8_4_8_blk_mem_gen_mux__parameterized0 is either unconnected or has no load
WARNING: [Synth 8-7129] Port SBITERRIN[203] in module blk_mem_gen_v8_4_8_blk_mem_gen_mux__parameterized0 is either unconnected or has no load
WARNING: [Synth 8-7129] Port SBITERRIN[202] in module blk_mem_gen_v8_4_8_blk_mem_gen_mux__parameterized0 is either unconnected or has no load
WARNING: [Synth 8-7129] Port SBITERRIN[201] in module blk_mem_gen_v8_4_8_blk_mem_gen_mux__parameterized0 is either unconnected or has no load
INFO: [Common 17-14] Message 'Synth 8-7129' appears 100 times and further instances of the messages will be disabled. Use the Tcl command set_msg_config to change the current settings.
---------------------------------------------------------------------------------
Finished RTL Elaboration : Time (s): cpu = 00:01:56 ; elapsed = 00:02:06 . Memory (MB): peak = 1981.516 ; gain = 1009.336
---------------------------------------------------------------------------------
---------------------------------------------------------------------------------
Start Handling Custom Attributes
---------------------------------------------------------------------------------
---------------------------------------------------------------------------------
Finished Handling Custom Attributes : Time (s): cpu = 00:01:57 ; elapsed = 00:02:06 . Memory (MB): peak = 1981.516 ; gain = 1009.336
---------------------------------------------------------------------------------
---------------------------------------------------------------------------------
Finished RTL Optimization Phase 1 : Time (s): cpu = 00:01:57 ; elapsed = 00:02:06 . Memory (MB): peak = 1981.516 ; gain = 1009.336
---------------------------------------------------------------------------------
Netlist sorting complete. Time (s): cpu = 00:00:01 ; elapsed = 00:00:00.333 . Memory (MB): peak = 1981.516 ; gain = 0.000
INFO: [Netlist 29-17] Analyzing 109 Unisim elements for replacement
INFO: [Netlist 29-28] Unisim Transformation completed in 0 CPU seconds
INFO: [Project 1-570] Preparing netlist for logic optimization

Processing XDC Constraints
Initializing timing engine
Parsing XDC File [c:/Users/Lenovo/Documents/Xilinx Vivado/Labs/ProgSqrWavGen/ProgSqrWav_VIO_ILA/ProgSqrWav_VIO_ILA.gen/sources_1/bd/design_1/ip/design_1_ila_0_0/design_1_ila_0_0_ooc.xdc] for cell 'inst'
Finished Parsing XDC File [c:/Users/Lenovo/Documents/Xilinx Vivado/Labs/ProgSqrWavGen/ProgSqrWav_VIO_ILA/ProgSqrWav_VIO_ILA.gen/sources_1/bd/design_1/ip/design_1_ila_0_0/design_1_ila_0_0_ooc.xdc] for cell 'inst'
Parsing XDC File [c:/Users/Lenovo/Documents/Xilinx Vivado/Labs/ProgSqrWavGen/ProgSqrWav_VIO_ILA/ProgSqrWav_VIO_ILA.gen/sources_1/bd/design_1/ip/design_1_ila_0_0/ila_v6_2/constraints/ila.xdc] for cell 'inst'
Finished Parsing XDC File [c:/Users/Lenovo/Documents/Xilinx Vivado/Labs/ProgSqrWavGen/ProgSqrWav_VIO_ILA/ProgSqrWav_VIO_ILA.gen/sources_1/bd/design_1/ip/design_1_ila_0_0/ila_v6_2/constraints/ila.xdc] for cell 'inst'
INFO: [Project 1-236] Implementation specific constraints were found while reading constraint file [c:/Users/Lenovo/Documents/Xilinx Vivado/Labs/ProgSqrWavGen/ProgSqrWav_VIO_ILA/ProgSqrWav_VIO_ILA.gen/sources_1/bd/design_1/ip/design_1_ila_0_0/ila_v6_2/constraints/ila.xdc]. These constraints will be ignored for synthesis but will be used in implementation. Impacted constraints are listed in the file [.Xil/design_1_ila_0_0_propImpl.xdc].
Resolution: To avoid this warning, move constraints listed in [.Xil/design_1_ila_0_0_propImpl.xdc] to another XDC file and exclude this new file from synthesis with the used_in_synthesis property (File Properties dialog in GUI) and re-run elaboration/synthesis.
Parsing XDC File [C:/Users/Lenovo/Documents/Xilinx Vivado/Labs/ProgSqrWavGen/ProgSqrWav_VIO_ILA/ProgSqrWav_VIO_ILA.runs/design_1_ila_0_0_synth_1/dont_touch.xdc]
Finished Parsing XDC File [C:/Users/Lenovo/Documents/Xilinx Vivado/Labs/ProgSqrWavGen/ProgSqrWav_VIO_ILA/ProgSqrWav_VIO_ILA.runs/design_1_ila_0_0_synth_1/dont_touch.xdc]
Completed Processing XDC Constraints

Netlist sorting complete. Time (s): cpu = 00:00:00 ; elapsed = 00:00:00.006 . Memory (MB): peak = 1981.516 ; gain = 0.000
INFO: [Project 1-111] Unisim Transformation Summary:
  A total of 62 instances were transformed.
  CFGLUT5 => CFGLUT5 (SRL16E, SRLC32E): 52 instances
  CFGLUT5 => SRLC32E: 10 instances

Constraint Validation Runtime : Time (s): cpu = 00:00:01 ; elapsed = 00:00:00.490 . Memory (MB): peak = 1981.516 ; gain = 0.000
INFO: [Designutils 20-5008] Incremental synthesis strategy off
---------------------------------------------------------------------------------
Finished Constraint Validation : Time (s): cpu = 00:02:24 ; elapsed = 00:02:34 . Memory (MB): peak = 1981.516 ; gain = 1009.336
---------------------------------------------------------------------------------
---------------------------------------------------------------------------------
Start Loading Part and Timing Information
---------------------------------------------------------------------------------
Loading part: xc7z020clg484-1
---------------------------------------------------------------------------------
Finished Loading Part and Timing Information : Time (s): cpu = 00:02:24 ; elapsed = 00:02:34 . Memory (MB): peak = 1981.516 ; gain = 1009.336
---------------------------------------------------------------------------------
---------------------------------------------------------------------------------
Start Applying 'set_property' XDC Constraints
---------------------------------------------------------------------------------
Applied set_property KEEP_HIERARCHY = SOFT for inst. (constraint file  {C:/Users/Lenovo/Documents/Xilinx Vivado/Labs/ProgSqrWavGen/ProgSqrWav_VIO_ILA/ProgSqrWav_VIO_ILA.runs/design_1_ila_0_0_synth_1/dont_touch.xdc}, line 9).
---------------------------------------------------------------------------------
Finished applying 'set_property' XDC Constraints : Time (s): cpu = 00:02:24 ; elapsed = 00:02:34 . Memory (MB): peak = 1981.516 ; gain = 1009.336
---------------------------------------------------------------------------------
INFO: [Synth 8-802] inferred FSM for state register 'current_state_reg' in module 'xsdbs_v1_0_4_reg_p2s'
INFO: [Synth 8-802] inferred FSM for state register 'current_state_reg' in module 'xsdbs_v1_0_4_reg_p2s__parameterized0'
INFO: [Synth 8-802] inferred FSM for state register 'current_state_reg' in module 'xsdbs_v1_0_4_reg_p2s__parameterized1'
INFO: [Synth 8-802] inferred FSM for state register 'current_state_reg' in module 'xsdbs_v1_0_4_reg_p2s__parameterized2'
INFO: [Synth 8-802] inferred FSM for state register 'current_state_reg' in module 'xsdbs_v1_0_4_reg_p2s__parameterized3'
INFO: [Synth 8-802] inferred FSM for state register 'current_state_reg' in module 'xsdbs_v1_0_4_reg_p2s__parameterized4'
INFO: [Synth 8-802] inferred FSM for state register 'current_state_reg' in module 'xsdbs_v1_0_4_reg_p2s__parameterized5'
INFO: [Synth 8-802] inferred FSM for state register 'current_state_reg' in module 'xsdbs_v1_0_4_reg_p2s__parameterized6'
INFO: [Synth 8-802] inferred FSM for state register 'current_state_reg' in module 'ltlib_v1_0_2_generic_memrd'
---------------------------------------------------------------------------------------------------
                   State |                     New Encoding |                Previous Encoding 
---------------------------------------------------------------------------------------------------
*
                    IDLE |                             0001 |                             0001
                     REG |                             0010 |                             0010
                     P2S |                             0100 |                             0100
                     S2P |                             1000 |                             1000
---------------------------------------------------------------------------------------------------
INFO: [Synth 8-3898] No Re-encoding of one hot register 'current_state_reg' in module 'xsdbs_v1_0_4_reg_p2s'
---------------------------------------------------------------------------------------------------
                   State |                     New Encoding |                Previous Encoding 
---------------------------------------------------------------------------------------------------
*
                    IDLE |                             0001 |                             0001
                     REG |                             0010 |                             0010
                     P2S |                             0100 |                             0100
                     S2P |                             1000 |                             1000
---------------------------------------------------------------------------------------------------
INFO: [Synth 8-3898] No Re-encoding of one hot register 'current_state_reg' in module 'xsdbs_v1_0_4_reg_p2s__parameterized0'
---------------------------------------------------------------------------------------------------
                   State |                     New Encoding |                Previous Encoding 
---------------------------------------------------------------------------------------------------
*
                    IDLE |                             0001 |                             0001
                     REG |                             0010 |                             0010
                     P2S |                             0100 |                             0100
                     S2P |                             1000 |                             1000
---------------------------------------------------------------------------------------------------
INFO: [Synth 8-3898] No Re-encoding of one hot register 'current_state_reg' in module 'xsdbs_v1_0_4_reg_p2s__parameterized1'
---------------------------------------------------------------------------------------------------
                   State |                     New Encoding |                Previous Encoding 
---------------------------------------------------------------------------------------------------
*
                    IDLE |                             0001 |                             0001
                     REG |                             0010 |                             0010
                     P2S |                             0100 |                             0100
                     S2P |                             1000 |                             1000
---------------------------------------------------------------------------------------------------
INFO: [Synth 8-3898] No Re-encoding of one hot register 'current_state_reg' in module 'xsdbs_v1_0_4_reg_p2s__parameterized2'
---------------------------------------------------------------------------------------------------
                   State |                     New Encoding |                Previous Encoding 
---------------------------------------------------------------------------------------------------
*
                    IDLE |                             0001 |                             0001
                     REG |                             0010 |                             0010
                     P2S |                             0100 |                             0100
                     S2P |                             1000 |                             1000
---------------------------------------------------------------------------------------------------
INFO: [Synth 8-3898] No Re-encoding of one hot register 'current_state_reg' in module 'xsdbs_v1_0_4_reg_p2s__parameterized3'
---------------------------------------------------------------------------------------------------
                   State |                     New Encoding |                Previous Encoding 
---------------------------------------------------------------------------------------------------
*
                    IDLE |                             0001 |                             0001
                     REG |                             0010 |                             0010
                     P2S |                             0100 |                             0100
                     S2P |                             1000 |                             1000
---------------------------------------------------------------------------------------------------
INFO: [Synth 8-3898] No Re-encoding of one hot register 'current_state_reg' in module 'xsdbs_v1_0_4_reg_p2s__parameterized4'
---------------------------------------------------------------------------------------------------
                   State |                     New Encoding |                Previous Encoding 
---------------------------------------------------------------------------------------------------
*
                    IDLE |                             0001 |                             0001
                     REG |                             0010 |                             0010
                     P2S |                             0100 |                             0100
                     S2P |                             1000 |                             1000
---------------------------------------------------------------------------------------------------
INFO: [Synth 8-3898] No Re-encoding of one hot register 'current_state_reg' in module 'xsdbs_v1_0_4_reg_p2s__parameterized5'
---------------------------------------------------------------------------------------------------
                   State |                     New Encoding |                Previous Encoding 
---------------------------------------------------------------------------------------------------
*
                    IDLE |                             0001 |                             0001
                     REG |                             0010 |                             0010
                     P2S |                             0100 |                             0100
                     S2P |                             1000 |                             1000
---------------------------------------------------------------------------------------------------
INFO: [Synth 8-3898] No Re-encoding of one hot register 'current_state_reg' in module 'xsdbs_v1_0_4_reg_p2s__parameterized6'
---------------------------------------------------------------------------------------------------
                   State |                     New Encoding |                Previous Encoding 
---------------------------------------------------------------------------------------------------
*
              RESET_ADDR |                          0000001 |                          0000001
            REQUEST_READ |                          0000010 |                          0000010
           WAIT_READ_ACK |                          0000100 |                          0000100
             OUTPUT_DATA |                          0001000 |                          0001000
                    IDLE |                          0010000 |                          0010000
       INCREMENT_ADDRESS |                          1000000 |                          1000000
---------------------------------------------------------------------------------------------------
INFO: [Synth 8-3898] No Re-encoding of one hot register 'current_state_reg' in module 'ltlib_v1_0_2_generic_memrd'
---------------------------------------------------------------------------------
Finished RTL Optimization Phase 2 : Time (s): cpu = 00:02:28 ; elapsed = 00:02:39 . Memory (MB): peak = 1981.516 ; gain = 1009.336
---------------------------------------------------------------------------------
---------------------------------------------------------------------------------
Start RTL Component Statistics 
---------------------------------------------------------------------------------
---------------------------------------------------------------------------------
Finished RTL Component Statistics 
---------------------------------------------------------------------------------
---------------------------------------------------------------------------------
Start Part Resource Summary
---------------------------------------------------------------------------------
Part Resources:
DSPs: 220 (col length:60)
BRAMs: 280 (col length: RAMB18 60 RAMB36 30)
---------------------------------------------------------------------------------
Finished Part Resource Summary
---------------------------------------------------------------------------------
---------------------------------------------------------------------------------
Start Cross Boundary and Area Optimization
---------------------------------------------------------------------------------
WARNING: [Synth 8-7080] Parallel synthesis criteria is not met
---------------------------------------------------------------------------------
Finished Cross Boundary and Area Optimization : Time (s): cpu = 00:02:53 ; elapsed = 00:03:05 . Memory (MB): peak = 1981.516 ; gain = 1009.336
---------------------------------------------------------------------------------
---------------------------------------------------------------------------------
Start Applying XDC Timing Constraints
---------------------------------------------------------------------------------
---------------------------------------------------------------------------------
Finished Applying XDC Timing Constraints : Time (s): cpu = 00:03:14 ; elapsed = 00:03:26 . Memory (MB): peak = 1981.516 ; gain = 1009.336
---------------------------------------------------------------------------------
---------------------------------------------------------------------------------
Start Timing Optimization
---------------------------------------------------------------------------------
---------------------------------------------------------------------------------
Finished Timing Optimization : Time (s): cpu = 00:03:15 ; elapsed = 00:03:26 . Memory (MB): peak = 1981.516 ; gain = 1009.336
---------------------------------------------------------------------------------
---------------------------------------------------------------------------------
Start Technology Mapping
---------------------------------------------------------------------------------
---------------------------------------------------------------------------------
Finished Technology Mapping : Time (s): cpu = 00:03:17 ; elapsed = 00:03:29 . Memory (MB): peak = 1981.516 ; gain = 1009.336
---------------------------------------------------------------------------------
---------------------------------------------------------------------------------
Start IO Insertion
---------------------------------------------------------------------------------
---------------------------------------------------------------------------------
Start Flattening Before IO Insertion
---------------------------------------------------------------------------------
---------------------------------------------------------------------------------
Finished Flattening Before IO Insertion
---------------------------------------------------------------------------------
---------------------------------------------------------------------------------
Start Final Netlist Cleanup
---------------------------------------------------------------------------------
---------------------------------------------------------------------------------
Finished Final Netlist Cleanup
---------------------------------------------------------------------------------
INFO: [Synth 8-3295] tying undriven pin dummy_inferred:in0 to constant 0
INFO: [Synth 8-3295] tying undriven pin inst:sl_iport0[36] to constant 0
INFO: [Synth 8-3295] tying undriven pin inst:sl_iport0[35] to constant 0
INFO: [Synth 8-3295] tying undriven pin inst:sl_iport0[34] to constant 0
INFO: [Synth 8-3295] tying undriven pin inst:sl_iport0[33] to constant 0
INFO: [Synth 8-3295] tying undriven pin inst:sl_iport0[32] to constant 0
INFO: [Synth 8-3295] tying undriven pin inst:sl_iport0[31] to constant 0
INFO: [Synth 8-3295] tying undriven pin inst:sl_iport0[30] to constant 0
INFO: [Synth 8-3295] tying undriven pin inst:sl_iport0[29] to constant 0
INFO: [Synth 8-3295] tying undriven pin inst:sl_iport0[28] to constant 0
INFO: [Synth 8-3295] tying undriven pin inst:sl_iport0[27] to constant 0
INFO: [Synth 8-3295] tying undriven pin inst:sl_iport0[26] to constant 0
INFO: [Synth 8-3295] tying undriven pin inst:sl_iport0[25] to constant 0
INFO: [Synth 8-3295] tying undriven pin inst:sl_iport0[24] to constant 0
INFO: [Synth 8-3295] tying undriven pin inst:sl_iport0[23] to constant 0
INFO: [Synth 8-3295] tying undriven pin inst:sl_iport0[22] to constant 0
INFO: [Synth 8-3295] tying undriven pin inst:sl_iport0[21] to constant 0
INFO: [Synth 8-3295] tying undriven pin inst:sl_iport0[20] to constant 0
INFO: [Synth 8-3295] tying undriven pin inst:sl_iport0[19] to constant 0
INFO: [Synth 8-3295] tying undriven pin inst:sl_iport0[18] to constant 0
INFO: [Synth 8-3295] tying undriven pin inst:sl_iport0[17] to constant 0
INFO: [Synth 8-3295] tying undriven pin inst:sl_iport0[16] to constant 0
INFO: [Synth 8-3295] tying undriven pin inst:sl_iport0[15] to constant 0
INFO: [Synth 8-3295] tying undriven pin inst:sl_iport0[14] to constant 0
INFO: [Synth 8-3295] tying undriven pin inst:sl_iport0[13] to constant 0
INFO: [Synth 8-3295] tying undriven pin inst:sl_iport0[12] to constant 0
INFO: [Synth 8-3295] tying undriven pin inst:sl_iport0[11] to constant 0
INFO: [Synth 8-3295] tying undriven pin inst:sl_iport0[10] to constant 0
INFO: [Synth 8-3295] tying undriven pin inst:sl_iport0[9] to constant 0
INFO: [Synth 8-3295] tying undriven pin inst:sl_iport0[8] to constant 0
INFO: [Synth 8-3295] tying undriven pin inst:sl_iport0[7] to constant 0
INFO: [Synth 8-3295] tying undriven pin inst:sl_iport0[6] to constant 0
INFO: [Synth 8-3295] tying undriven pin inst:sl_iport0[5] to constant 0
INFO: [Synth 8-3295] tying undriven pin inst:sl_iport0[4] to constant 0
INFO: [Synth 8-3295] tying undriven pin inst:sl_iport0[3] to constant 0
INFO: [Synth 8-3295] tying undriven pin inst:sl_iport0[2] to constant 0
INFO: [Synth 8-3295] tying undriven pin inst:sl_iport0[1] to constant 0
INFO: [Synth 8-3295] tying undriven pin inst:sl_iport0[0] to constant 0
INFO: [Synth 8-3295] tying undriven pin inst:trig_in to constant 0
INFO: [Synth 8-3295] tying undriven pin inst:trig_out_ack to constant 0
---------------------------------------------------------------------------------
Finished IO Insertion : Time (s): cpu = 00:03:31 ; elapsed = 00:03:43 . Memory (MB): peak = 1981.516 ; gain = 1009.336
---------------------------------------------------------------------------------
---------------------------------------------------------------------------------
Start Renaming Generated Instances
---------------------------------------------------------------------------------
---------------------------------------------------------------------------------
Finished Renaming Generated Instances : Time (s): cpu = 00:03:31 ; elapsed = 00:03:43 . Memory (MB): peak = 1981.516 ; gain = 1009.336
---------------------------------------------------------------------------------
---------------------------------------------------------------------------------
Start Rebuilding User Hierarchy
---------------------------------------------------------------------------------
---------------------------------------------------------------------------------
Finished Rebuilding User Hierarchy : Time (s): cpu = 00:03:31 ; elapsed = 00:03:43 . Memory (MB): peak = 1981.516 ; gain = 1009.336
---------------------------------------------------------------------------------
---------------------------------------------------------------------------------
Start Renaming Generated Ports
---------------------------------------------------------------------------------
---------------------------------------------------------------------------------
Finished Renaming Generated Ports : Time (s): cpu = 00:03:31 ; elapsed = 00:03:43 . Memory (MB): peak = 1981.516 ; gain = 1009.336
---------------------------------------------------------------------------------
---------------------------------------------------------------------------------
Start Handling Custom Attributes
---------------------------------------------------------------------------------
---------------------------------------------------------------------------------
Finished Handling Custom Attributes : Time (s): cpu = 00:03:31 ; elapsed = 00:03:44 . Memory (MB): peak = 1981.516 ; gain = 1009.336
---------------------------------------------------------------------------------
---------------------------------------------------------------------------------
Start Renaming Generated Nets
---------------------------------------------------------------------------------
---------------------------------------------------------------------------------
Finished Renaming Generated Nets : Time (s): cpu = 00:03:31 ; elapsed = 00:03:44 . Memory (MB): peak = 1981.516 ; gain = 1009.336
---------------------------------------------------------------------------------
---------------------------------------------------------------------------------
Start Writing Synthesis Report
---------------------------------------------------------------------------------

Report BlackBoxes: 
+-+--------------+----------+
| |BlackBox name |Instances |
+-+--------------+----------+
+-+--------------+----------+

Report Cell Usage: 
+------+---------+------+
|      |Cell     |Count |
+------+---------+------+
|1     |CARRY4   |    35|
|2     |CFGLUT5  |    62|
|3     |LUT1     |    32|
|4     |LUT2     |    37|
|5     |LUT3     |    96|
|6     |LUT4     |   124|
|7     |LUT5     |   129|
|8     |LUT6     |   493|
|9     |MUXF7    |    21|
|10    |MUXF8    |     9|
|11    |RAMB36E1 |    24|
|14    |SRL16E   |    16|
|15    |SRLC16E  |     2|
|16    |SRLC32E  |    17|
|17    |FDRE     |  1406|
|18    |FDSE     |    10|
+------+---------+------+
---------------------------------------------------------------------------------
Finished Writing Synthesis Report : Time (s): cpu = 00:03:31 ; elapsed = 00:03:44 . Memory (MB): peak = 1981.516 ; gain = 1009.336
---------------------------------------------------------------------------------
Synthesis finished with 0 errors, 0 critical warnings and 2738 warnings.
Synthesis Optimization Runtime : Time (s): cpu = 00:01:25 ; elapsed = 00:03:33 . Memory (MB): peak = 1981.516 ; gain = 1009.336
Synthesis Optimization Complete : Time (s): cpu = 00:03:32 ; elapsed = 00:03:44 . Memory (MB): peak = 1981.516 ; gain = 1009.336
INFO: [Project 1-571] Translating synthesized netlist
Netlist sorting complete. Time (s): cpu = 00:00:00 ; elapsed = 00:00:00.151 . Memory (MB): peak = 1981.516 ; gain = 0.000
INFO: [Netlist 29-17] Analyzing 151 Unisim elements for replacement
INFO: [Netlist 29-28] Unisim Transformation completed in 0 CPU seconds
INFO: [Project 1-570] Preparing netlist for logic optimization
INFO: [Opt 31-138] Pushed 0 inverter(s) to 0 load pin(s).
Netlist sorting complete. Time (s): cpu = 00:00:00 ; elapsed = 00:00:00.004 . Memory (MB): peak = 1981.516 ; gain = 0.000
INFO: [Project 1-111] Unisim Transformation Summary:
  A total of 62 instances were transformed.
  CFGLUT5 => CFGLUT5 (SRL16E, SRLC32E): 52 instances
  CFGLUT5 => SRLC32E: 10 instances

Synth Design complete | Checksum: 5d246de3
INFO: [Common 17-83] Releasing license: Synthesis
194 Infos, 109 Warnings, 0 Critical Warnings and 0 Errors encountered.
synth_design completed successfully
INFO: [Common 17-600] The following parameters have non-default value.
tcl.statsThreshold
Write ShapeDB Complete: Time (s): cpu = 00:00:00 ; elapsed = 00:00:00.021 . Memory (MB): peak = 1981.516 ; gain = 0.000
INFO: [Common 17-1381] The checkpoint 'C:/Users/Lenovo/Documents/Xilinx Vivado/Labs/ProgSqrWavGen/ProgSqrWav_VIO_ILA/ProgSqrWav_VIO_ILA.runs/design_1_ila_0_0_synth_1/design_1_ila_0_0.dcp' has been generated.
INFO: [Coretcl 2-1648] Added synthesis output to IP cache for IP design_1_ila_0_0, cache-ID = 9db6ddd9a5bd752d
INFO: [Coretcl 2-1174] Renamed 169 cell refs.
Write ShapeDB Complete: Time (s): cpu = 00:00:01 ; elapsed = 00:00:00.022 . Memory (MB): peak = 1981.516 ; gain = 0.000
INFO: [Common 17-1381] The checkpoint 'C:/Users/Lenovo/Documents/Xilinx Vivado/Labs/ProgSqrWavGen/ProgSqrWav_VIO_ILA/ProgSqrWav_VIO_ILA.runs/design_1_ila_0_0_synth_1/design_1_ila_0_0.dcp' has been generated.
INFO: [Vivado 12-24828] Executing command : report_utilization -file design_1_ila_0_0_utilization_synth.rpt -pb design_1_ila_0_0_utilization_synth.pb
INFO: [Common 17-206] Exiting Vivado at Mon Oct 21 15:42:37 2024...
