Time resolution is 1 ps
Entered countN: 0
Entered countM: 0
Entered countN: 1
Entered countM: 1
Entered count_m:   0
Entered countN: 0
Entered countM: 0
Entered countN: 1
Entered countM: 1
Entered count_n:   0
Entered countN: 0
Entered countM: 0
Entered countN: 1
Entered countM: 1
Entered count_m:   0
Entered countN: 0
Entered countM: 0
Entered countN: 1
Entered countM: 1
Entered count_n:   0
Entered countN: 0
Entered countM: 0
Entered countN: 1
Entered countM: 1
Entered count_m:   0
Entered countN: 0
Entered countM: 0
Entered countN: 1
Entered countM: 1
Entered count_n:   0
Entered countN: 0
Entered countM: 0
Entered countN: 1
Entered countM: 1
Entered count_m:   0
Entered countN: 0
Entered countM: 0
Entered countN: 1
Entered countM: 1
Entered count_n:   0
Entered countN: 0
Entered countM: 0
Entered countN: 1
Entered countM: 1
Entered count_m:   0
Entered countN: 0
Entered countM: 0
Entered countN: 1
Entered countM: 1
Entered count_n:   0
Entered countN: 0
Entered countM: 0
Entered countN: 1
Entered countM: 1
Entered count_m:   0
Entered countN: 0
Entered countM: 0
Entered countN: 1
Entered countM: 1
Entered count_n:   0
Entered countN: 0
Entered countM: 0
Entered countN: 1
Entered countM: 1
Entered count_m:   0
Entered countN: 0
Entered countM: 0
Entered countN: 1
Entered countM: 1
Entered count_n:   0
Entered countN: 0
Entered countM: 0
Entered countN: 1
Entered countM: 1
Entered count_m:   0
Entered countN: 0
Entered countM: 0
Entered countN: 1
Entered countM: 1
Entered count_n:   0
Entered countN: 0
Entered countM: 0
Entered countN: 1
Entered countM: 1
Entered count_m:   0
Entered countN: 0
Entered countM: 0
Entered countN: 1
Entered countM: 1
Entered count_n:   0
Entered countN: 0
Entered countM: 0
Entered countN: 1
Entered countM: 1
Entered count_m:   0
Entered countN: 0
Entered countM: 0
Entered countN: 1
Entered countM: 1
Entered count_n:   0
Entered countN: 0
Entered countM: 0
Entered countN: 1
Entered countM: 1
Entered count_m:   0
Entered countN: 0
Entered countM: 0
Entered countN: 1
Entered countM: 1
Entered count_n:   0
Entered countN: 0
Entered countM: 0
Entered countN: 1
Entered countM: 1
Entered count_m:   0
Entered countN: 0
Entered countM: 0
Entered countN: 1
Entered countM: 1
Entered count_n:   0
Entered countN: 0
Entered countM: 0
Entered countN: 1
Entered countM: 1
Entered count_m:   0
Entered countN: 0
Entered countM: 0
Entered countN: 1
Entered countM: 1
Entered count_n:   0
Entered countN: 0
Entered countM: 0
Entered countN: 1
Entered countM: 1
Entered count_m:   0
Entered countN: 0
Entered countM: 0
Entered countN: 1
Entered countM: 1
Entered count_n:   0
Entered countN: 0
Entered countM: 0
Entered countN: 1
Entered countM: 1
Entered count_m:   0
Entered countN: 0
Entered countM: 0
Entered countN: 1
Entered countM: 1
Entered count_n:   0
Entered countN: 0
Entered countM: 0
Entered countN: 1
Entered countM: 1
Entered count_m:   0
Entered countN: 0
Entered countM: 0
Entered countN: 1
Entered countM: 1
Entered count_n:   0
Entered countN: 0
Entered countM: 0
Entered countN: 1
Entered countM: 1
Entered count_m:   0
Entered countN: 0
Entered countM: 0
Entered countN: 1
Entered countM: 1
Entered count_n:   0
Entered countN: 0
Entered countM: 0
Entered countN: 1
Entered countM: 1
Entered count_m:   0
Entered countN: 0
Entered countM: 0
Entered countN: 1
Entered countM: 1
Entered count_n:   0
Entered countN: 0
Entered countM: 0
Entered countN: 1
Entered countM: 1
Entered count_m:   0
Entered countN: 0
Entered countM: 0
Entered countN: 1
Entered countM: 1
Entered count_n:   0
Entered countN: 0
Entered countM: 0
Entered countN: 1
Entered countM: 1
Entered count_m:   0
Entered countN: 0
Entered countM: 0
Entered countN: 1
Entered countM: 1
Entered count_n:   0
Entered countN: 0
Entered countM: 0
Entered countN: 1
Entered countM: 1
Entered count_m:   0
Entered countN: 0
Entered countM: 0
Entered countN: 1
Entered countM: 1
Entered count_n:   0
Entered countN: 0
Entered countM: 0
Entered countN: 1
Entered countM: 1
Entered count_m:   0
Entered countN: 0
Entered countM: 0
Entered countN: 1
Entered countM: 1
Entered count_n:   0
Entered countN: 0
Entered countM: 0
Entered countN: 1
Entered countM: 1
Entered count_m:   0
Entered countN: 0
Entered countM: 0
Entered countN: 1
Entered countM: 1
Entered count_n:   0
Entered countN: 0
Entered countM: 0
Entered countN: 1
Entered countM: 1
Entered count_m:   0
Entered countN: 0
Entered countM: 0
Entered countN: 1
Entered countM: 1
Entered count_n:   0
Entered countN: 0
Entered countM: 0
Entered countN: 1
Entered countM: 1
Entered count_m:   0
Entered countN: 0
Entered countM: 0
